<?xml version="1.0" encoding="UTF-8" standalone="yes"?><!DOCTYPE report PUBLIC "-//JACOCO//DTD Report 1.1//EN" "report.dtd"><report name="FlashCards"><sessioninfo id="lauras-air.wifi.local.cmu.edu-e6cbcfb" start="1631730629783" dump="1631730630326"/><sessioninfo id="lauras-air.wifi.local.cmu.edu-6427b503" start="1631730814405" dump="1631730814932"/><sessioninfo id="lauras-air.wifi.local.cmu.edu-e5058ca2" start="1631731327188" dump="1631731327800"/><sessioninfo id="lauras-air.wifi.local.cmu.edu-25779bbb" start="1631736434328" dump="1631736434856"/><sessioninfo id="lauras-air.wifi.local.cmu.edu-7ed333ac" start="1631827724278" dump="1631827725076"/><sessioninfo id="Lauras-MacBook-Air.local-c71827c9" start="1631847726443" dump="1631847727378"/><sessioninfo id="Lauras-MacBook-Air.local-3ef2c47b" start="1631847805609" dump="1631847806331"/><sessioninfo id="Lauras-MacBook-Air.local-8101b215" start="1631847903857" dump="1631847904798"/><sessioninfo id="Lauras-MacBook-Air.local-63bef839" start="1631847943011" dump="1631847943779"/><sessioninfo id="Lauras-MacBook-Air.local-b2f6b0ca" start="1631847979980" dump="1631847980683"/><sessioninfo id="Lauras-MacBook-Air.local-964cc9ec" start="1631848049558" dump="1631848051021"/><sessioninfo id="Lauras-MacBook-Air.local-a970c4ab" start="1631848077025" dump="1631848077836"/></report>