<?xml version="1.0" encoding="UTF-8" standalone="yes"?><!DOCTYPE report PUBLIC "-//JACOCO//DTD Report 1.1//EN" "report.dtd"><report name="Santorini"><sessioninfo id="lauras-air.wifi.local.cmu.edu-798eef16" start="1632773677057" dump="1632773677858"/><sessioninfo id="lauras-air.wifi.local.cmu.edu-8c66f6a4" start="1632773719881" dump="1632773720339"/><sessioninfo id="lauras-air.wifi.local.cmu.edu-3a055f41" start="1632773767714" dump="1632773768416"/><sessioninfo id="lauras-air.wifi.local.cmu.edu-27220e72" start="1632773825271" dump="1632773825954"/><sessioninfo id="lauras-air.wifi.local.cmu.edu-a221c928" start="1632773884613" dump="1632773885399"/><sessioninfo id="lauras-air.wifi.local.cmu.edu-3ac4d491" start="1632785602762" dump="1632785603331"/></report>