<?xml version="1.0" encoding="UTF-8" ?>
<testsuite tests="4" failures="0" name="edu.cmu.cs214.hw1.InMemoryCardStoreTest" time="0.069" errors="0" skipped="0">
  <properties>
[...]
</properties>
  <testcase classname="edu.cmu.cs214.hw1.InMemoryCardStoreTest" name="testAddCard" time="0.053"/>
  <testcase classname="edu.cmu.cs214.hw1.InMemoryCardStoreTest" name="testInvertQuestions" time="0.014"/>
  <testcase classname="edu.cmu.cs214.hw1.InMemoryCardStoreTest" name="testRemoveCard" time="0.001"/>
  <testcase classname="edu.cmu.cs214.hw1.InMemoryCardStoreTest" name="testDefaultConstructor" time="0.001"/>
</testsuite>